[21:38:02.438] : >> 뱅킹 서버 시작 2017-08-16
[21:38:02.438] : -- 설정 파일을 로드중입니다.
[21:38:02.454] : load account info
[21:38:02.454] : account info loaded.
[21:38:02.454] : load transaction info
[21:38:02.454] : transaction info loaded
[21:38:02.454] : -- 설정 파일을 로드하였습니다.
[21:38:13.990] : [손님1] : '님 입장'을 join
[21:38:13.990] : [손님1] : '님 입장'을 join 성공
[21:38:25.816] : >> 계좌 생성 : 2222, 2222
[21:38:25.816] : [2222] : '' create 성공
[21:38:29.592] : [손님1] : '123'을 chat
[21:38:29.592] : [손님1] : '123'을 chat 성공
[21:38:35.490] : Login : 2222
[21:38:35.490] : [2222] : '' login 성공
[21:38:39.572] : [2222] : '456'을 chat
[21:38:39.572] : [2222] : '456'을 chat 성공
[21:38:42.100] : [2222] : '789'을 chat
[21:38:42.100] : [2222] : '789'을 chat 성공
[21:38:59.074] : >> 입금 : 2222, 1000
[21:38:59.074] : [null] : '님 퇴장'을 join
[21:41:41.842] : >> 뱅킹 서버 시작 2017-08-16
[21:41:41.842] : -- 설정 파일을 로드중입니다.
[21:41:41.873] : load account info
[21:41:41.873] : account info loaded.
[21:41:41.873] : load transaction info
[21:41:41.873] : transaction info loaded
[21:41:41.873] : -- 설정 파일을 로드하였습니다.
[21:41:53.311] : [손님1] : '님 입장'을 join
[21:41:53.311] : [손님1] : '님 입장'을 join 성공
[21:42:03.483] : >> 계좌 생성 : null, 8888
[21:42:03.483] : [8888] : '' create 성공
[21:42:13.159] : Login : 8888
[21:42:13.159] : ERR : [8888] : '' login, WRN : Invalid account
[21:43:57.190] : [null] : '님 퇴장'을 join
[21:44:37.685] : >> 뱅킹 서버 시작 2017-08-16
[21:44:37.685] : -- 설정 파일을 로드중입니다.
[21:44:37.716] : load account info
[21:44:37.716] : account info loaded.
[21:44:37.716] : load transaction info
[21:44:37.716] : transaction info loaded
[21:44:37.716] : -- 설정 파일을 로드하였습니다.
[21:44:50.687] : [손님1] : '님 입장'을 join
[21:44:50.687] : [손님1] : '님 입장'을 join 성공
[21:44:55.930] : [손님1] : '님 퇴장'을 join
[21:45:03.877] : >> 뱅킹 서버 시작 2017-08-16
[21:45:03.877] : -- 설정 파일을 로드중입니다.
[21:45:03.908] : load account info
[21:45:03.924] : account info loaded.
[21:45:03.924] : load transaction info
[21:45:03.924] : transaction info loaded
[21:45:03.924] : -- 설정 파일을 로드하였습니다.
[21:45:13.740] : [손님1] : '님 입장'을 join
[21:45:13.740] : [손님1] : '님 입장'을 join 성공
[21:47:04.906] : >> 뱅킹 서버 시작 2017-08-16
[21:47:04.906] : -- 설정 파일을 로드중입니다.
[21:47:04.937] : load account info
[21:47:04.937] : account info loaded.
[21:47:04.937] : load transaction info
[21:47:04.937] : transaction info loaded
[21:47:04.937] : -- 설정 파일을 로드하였습니다.
[21:47:16.937] : [손님1] : '님 입장'을 join
[21:47:16.937] : [손님1] : '님 입장'을 join 성공
[21:47:19.280] : [손님1] : 'fdasfdsa'을 chat
[21:47:19.280] : [손님1] : 'fdasfdsa'을 chat 성공
[21:47:46.176] : >> 계좌 생성 : 9999, 9999
[21:48:24.432] : ERR : [9999] : '' create, WRN : Duplicate account number!
[21:48:52] : >> 계좌 생성 : 2323, 2323
[21:49:02.251] : [2323] : '' create 성공
[21:49:13.031] : [손님1] : 'dsfdsaf'을 chat
[21:49:13.047] : [손님1] : 'dsfdsaf'을 chat 성공
[21:49:18.726] : Login : 2323
[21:49:18.726] : [2323] : '' login 성공
[21:49:34.470] : >> 입금 : null, 5000
[21:49:34.470] : [null] : '님 퇴장'을 join
[10:03:47.764] : >> 뱅킹 서버 시작 2017-08-17
[10:03:47.764] : -- 설정 파일을 로드중입니다.
[10:03:47.791] : load account info
[10:03:47.792] : account info loaded.
[10:03:47.792] : load transaction info
[10:03:47.794] : transaction info loaded
[10:03:47.794] : -- 설정 파일을 로드하였습니다.
[10:04:09.114] : >> 뱅킹 서버 시작 2017-08-17
[10:04:09.115] : -- 설정 파일을 로드중입니다.
[10:04:09.115] : load account info
[10:04:09.115] : account info loaded.
[10:04:09.115] : load transaction info
[10:04:09.130] : transaction info loaded
[10:04:09.130] : -- 설정 파일을 로드하였습니다.
[10:06:20.978] : [null] : '님 퇴장'을 join
[10:10:22.731] : >> 뱅킹 서버 시작 2017-08-17
[10:10:22.731] : -- 설정 파일을 로드중입니다.
[10:10:22.746] : load account info
[10:10:22.746] : account info loaded.
[10:10:22.746] : load transaction info
[10:10:22.746] : transaction info loaded
[10:10:22.746] : -- 설정 파일을 로드하였습니다.
[10:10:39.805] : [손님1] : '님 입장'을 join
[10:10:39.805] : [손님1] : '님 입장'을 join 성공
[10:10:52.115] : [손님1] : '1231231'을 chat
[10:10:52.131] : [손님1] : '1231231'을 chat 성공
[10:10:55.985] : [운영자] : '213132'을 chat
[10:11:20.962] : Login : 123123132
[10:11:20.962] : ERR : [123123132] : '' login, WRN : Invalid account
[10:11:29.059] : [123123132] : '123132'을 chat
[10:11:29.075] : [123123132] : '123132'을 chat 성공
[10:11:33.288] : [운영자] : '123123132'을 chat
[10:11:56.767] : [null] : '님 퇴장'을 join
[10:15:55.121] : >> 뱅킹 서버 시작 2017-08-17
[10:15:55.121] : -- 설정 파일을 로드중입니다.
[10:15:55.137] : load account info
[10:15:55.137] : account info loaded.
[10:15:55.137] : load transaction info
[10:15:55.137] : transaction info loaded
[10:15:55.137] : -- 설정 파일을 로드하였습니다.
[10:16:00.707] : [손님1] : '님 입장'을 join
[10:16:12.907] : [운영자] : '23123'을 chat
[10:16:16.527] : [손님1] : '123123'을 chat
[10:16:24.905] : Login : 11111
[10:16:24.905] : ERR : [11111] : '' login, WRN : Invalid account
[10:16:30.460] : [운영자] : '123132'을 chat
[10:16:36.451] : [11111] : '12313213'을 chat
[10:17:10.235] : [손님2] : '님 입장'을 join
[10:17:15.213] : [손님2] : '123123456'을 chat
[10:17:17.164] : [손님2] : '123132'을 chat
[10:17:22.952] : [운영자] : '1234563453'을 chat
[10:17:31.892] : Login : 1151515
[10:17:31.892] : ERR : [1151515] : '' login, WRN : Invalid account
[10:17:35.871] : [1151515] : '13153153'을 chat
[10:17:41.925] : >> 입금 : null, 12121
[10:17:41.925] : ERR : [1151515] : '12121' deposit, WRN: Invaild account!
[10:20:07.850] : [null] : '님 퇴장'을 join
[10:20:10.035] : [null] : '님 퇴장'을 join
[10:24:05.716] : >> 뱅킹 서버 시작 2017-08-17
[10:24:05.716] : -- 설정 파일을 로드중입니다.
[10:24:05.716] : load account info
[10:24:05.716] : account info loaded.
[10:24:05.716] : load transaction info
[10:24:05.716] : transaction info loaded
[10:24:05.716] : -- 설정 파일을 로드하였습니다.
[10:24:15.050] : [손님1] : '님 입장'을 join
[10:24:18.810] : [운영자] : '123132'을 chat
[10:24:21.807] : [손님1] : '546546'을 chat
[10:24:29.561] : Login : 1315313
[10:24:29.561] : ERR : [1315313] : '' login, WRN : Invalid account! Login failed
[10:24:39.967] : [손님1] : 'fdsafs'을 chat
[10:24:43.026] : [운영자] : '123123'을 chat
[10:24:48.721] : Login : 1111
[10:24:48.721] : ERR : [1111] : '' login, WRN : Invalid account! Login failed
[10:25:03.682] : >> 계좌 생성 : 1111, 1111
[10:25:03.682] : [1111] : '' create 성공
[10:25:11.421] : Login : 1111
[10:25:11.421] : [1111] : '' login 성공
[10:25:18.457] : >> 입금 : null, 5000
[10:25:18.457] : ERR : [1111] : '5000' deposit, WRN: Invaild account! Deposit failed
[10:27:08.045] : >> 입금 : null, 1000
[10:27:08.045] : ERR : [1111] : '1000' deposit, WRN: Invaild account! Deposit failed
[10:27:20.152] : [null] : '님 퇴장'을 join
[10:27:25.764] : >> 뱅킹 서버 시작 2017-08-17
[10:27:25.764] : -- 설정 파일을 로드중입니다.
[10:27:25.780] : load account info
[10:27:25.796] : account info loaded.
[10:27:25.796] : load transaction info
[10:27:25.796] : transaction info loaded
[10:27:25.796] : -- 설정 파일을 로드하였습니다.
[10:27:36.375] : [손님1] : '님 입장'을 join
[10:27:49.902] : Login : 1111
[10:27:49.902] : [1111] : '' login 성공
[10:29:01.138] : >> 뱅킹 서버 시작 2017-08-17
[10:29:01.138] : -- 설정 파일을 로드중입니다.
[10:29:01.154] : load account info
[10:29:01.170] : account info loaded.
[10:29:01.170] : load transaction info
[10:29:01.170] : transaction info loaded
[10:29:01.170] : -- 설정 파일을 로드하였습니다.
[10:29:10.033] : [손님1] : '님 입장'을 join
[10:29:12.452] : [운영자] : '123123'을 chat
[10:29:15.105] : [손님1] : '121231'을 chat
[10:29:19.864] : Login : 1111
[10:29:19.864] : [1111] : '' login 성공
[10:29:24.514] : [1111] : '12313'을 chat
[10:29:27.120] : [운영자] : '123132'을 chat
[10:29:39.336] : >> 입금 : 1111, 1000
[10:30:05.623] : [null] : '님 퇴장'을 join
[10:30:26.020] : [손님2] : '님 입장'을 join
[10:30:29.469] : [손님2] : '12313'을 chat
[10:30:37.176] : Login : 1111
[10:30:37.176] : [1111] : '' login 성공
[10:31:08.206] : >> 입금 : 1111, 1000
[10:34:45.330] : >> 뱅킹 서버 시작 2017-08-17
[10:34:45.330] : -- 설정 파일을 로드중입니다.
[10:34:45.377] : load account info
[10:34:45.393] : account info loaded.
[10:34:45.393] : load transaction info
[10:34:45.393] : transaction info loaded
[10:34:45.393] : -- 설정 파일을 로드하였습니다.
[10:35:01.028] : [손님1] : '님 입장'을 join
[10:35:04.118] : [손님1] : '12313213'을 chat
[10:35:06.958] : [운영자] : '123132'을 chat
[10:35:11.421] : Login : 1111
[10:35:11.421] : [1111] : '' login 성공
[10:35:22.326] : [1111] : '23123'을 chat
[10:35:29.815] : >> 입금 : 1111, 1000
[10:35:31.329] : [null] : '님 퇴장'을 join
[10:36:18.217] : >> 뱅킹 서버 시작 2017-08-17
[10:36:18.217] : -- 설정 파일을 로드중입니다.
[10:36:18.234] : load account info
[10:36:18.249] : account info loaded.
[10:36:18.249] : load transaction info
[10:36:18.249] : transaction info loaded
[10:36:18.249] : -- 설정 파일을 로드하였습니다.
[10:36:31.576] : [손님1] : '님 입장'을 join
[10:36:34.479] : [손님1] : '12313213'을 chat
[10:36:36.898] : [운영자] : '123132'을 chat
[10:36:41.454] : Login : 1111
[10:36:41.454] : [1111] : '' login 성공
[10:36:55.978] : >> 입금 : 1111, 1000
[10:37:08.506] : [1111] : '1000' deposit 성공
